Build started 5/17/2024 10:58:10 PM.
     1>Project "C:\Users\Eduard\Desktop\Facultate\Lab2_POO\CreditOrganizer\CreditOrganizer\CreditOrganizer.vcxproj" on node 2 (Build target(s)).
     1>ClCompile:
         C:\Program Files (x86)\Microsoft Visual Studio 11.0\VC\bin\CL.exe /c /AI"C:\Program Files (x86)\Reference Assemblies\Microsoft\Framework\.NETFramework\v4.5\\" /AI"C:\Program Files (x86)\Windows Kits\8.0\References\CommonConfiguration\Neutral" /AI"C:\Program Files (x86)\Reference Assemblies\Microsoft\Framework\.NETFramework\v4.5\Facades\\" /Zi /clr /nologo /W3 /WX- /Od /Oy- /D WIN32 /D _DEBUG /D _UNICODE /D UNICODE /EHa /MDd /GS /fp:precise /Zc:wchar_t /Zc:forScope /Yu"stdafx.h" /Fp"Debug\CreditOrganizer.pch" /Fo"Debug\\" /Fd"Debug\vc110.pdb" /TP /FU"C:\Program Files (x86)\Reference Assemblies\Microsoft\Framework\.NETFramework\v4.5\mscorlib.dll" /FU"C:\Program Files (x86)\Reference Assemblies\Microsoft\Framework\.NETFramework\v4.5\System.Data.dll" /FU"C:\Program Files (x86)\Reference Assemblies\Microsoft\Framework\.NETFramework\v4.5\System.dll" /FU"C:\Program Files (x86)\Reference Assemblies\Microsoft\Framework\.NETFramework\v4.5\System.Xml.dll" /analyze- /errorReport:prompt /clr:nostdlib CreditOrganizer.cpp
         CreditOrganizer.cpp
     1>CreditOrganizer.cpp(3): warning C4005: '__CLR_VER' : macro redefinition
                 command-line arguments :  see previous definition of '__CLR_VER'
     1>CreditOrganizer.cpp(3): warning C4651: '/D__CLR_VER=40809232' specified for precompiled header but not for current compile
       Link:
         C:\Program Files (x86)\Microsoft Visual Studio 11.0\VC\bin\link.exe /ERRORREPORT:PROMPT /OUT:"C:\Users\Eduard\Desktop\Facultate\Lab2_POO\CreditOrganizer\Debug\CreditOrganizer.exe" /INCREMENTAL /NOLOGO /MANIFEST /MANIFESTUAC:"level='asInvoker' uiAccess='false'" /manifest:embed /DEBUG /PDB:"C:\Users\Eduard\Desktop\Facultate\Lab2_POO\CreditOrganizer\Debug\CreditOrganizer.pdb" /ASSEMBLYDEBUG /SUBSYSTEM:CONSOLE /TLBID:1 /DYNAMICBASE /FIXED:NO /NXCOMPAT /MACHINE:X86 Debug\app.res
         Debug\AssemblyInfo.obj
         Debug\CreditCardAccount.obj
         Debug\CreditOrganizer.obj
         Debug\LoyaltyScheme.obj
         Debug\stdafx.obj
         "Debug\.NETFramework,Version=v4.5.AssemblyAttributes.obj"
         CreditOrganizer.vcxproj -> C:\Users\Eduard\Desktop\Facultate\Lab2_POO\CreditOrganizer\Debug\CreditOrganizer.exe
     1>Done Building Project "C:\Users\Eduard\Desktop\Facultate\Lab2_POO\CreditOrganizer\CreditOrganizer\CreditOrganizer.vcxproj" (Build target(s)).

Build succeeded.

Time Elapsed 00:00:01.26
